<?xml version="1.0" encoding="utf-8"?><testsuites name="pytest tests"><testsuite name="pytest" errors="0" failures="0" skipped="0" tests="81" time="27.574" timestamp="2026-08-18T16:37:36.920271+00:00" hostname="82900bd428ce"><testcase classname="tests.test_agent" name="test_critical_severity_triggers_docker_diagnostics_and_notify" time="0.091" /><testcase classname="tests.test_agent" name="test_docker_diagnostics_skipped_when_monitoring_disabled" time="0.007" /><testcase classname="tests.test_agent" name="test_ok_severity_skips_notify" time="0.006" /><testcase classname="tests.test_agent" name="test_langchain_mode_flag" time="0.003" /><testcase classname="tests.test_api" name="test_health" time="0.084" /><testcase classname="tests.test_api" name="test_login_returns_200" time="0.094" /><testcase classname="tests.test_api" name="test_status_redirects_to_login_without_auth" time="0.015" /><testcase classname="tests.test_api" name="test_status_reports_stale_agent" time="0.047" /><testcase classname="tests.test_api" name="test_status_fresh_verdict_not_stale" time="0.028" /><testcase classname="tests.test_api" name="test_config_reports_integrations" time="0.082" /><testcase classname="tests.test_api" name="test_threats_api_scans_loki_lines" time="0.026" /><testcase classname="tests.test_api" name="test_threats_api_detects_brute_force" time="0.015" /><testcase classname="tests.test_api" name="test_threats_apply_dry_run_without_crowdsec" time="0.035" /><testcase classname="tests.test_api" name="test_threats_apply_rejects_missing_threat" time="0.014" /><testcase classname="tests.test_api" name="test_security_headers_present_on_unauthorized_response" time="0.008" /><testcase classname="tests.test_api" name="test_login_brute_force_is_rate_limited" time="0.250" /><testcase classname="tests.test_api" name="test_ack_acknowledges_and_suppresses_warning" time="0.169" /><testcase classname="tests.test_api" name="test_ack_rejects_missing_fingerprint" time="0.019" /><testcase classname="tests.test_api" name="test_ack_unknown_fingerprint_404" time="0.089" /><testcase classname="tests.test_api" name="test_cannot_acknowledge_critical" time="0.093" /><testcase classname="tests.test_api" name="test_unack_reopens_condition" time="0.207" /><testcase classname="tests.test_memory" name="test_fingerprint_stable_for_same_inputs" time="0.000" /><testcase classname="tests.test_memory" name="test_fingerprint_normalises_case_and_whitespace" time="0.000" /><testcase classname="tests.test_memory" name="test_fingerprint_changes_with_signature" time="0.001" /><testcase classname="tests.test_memory" name="test_fingerprint_changes_with_prompt_version" time="0.000" /><testcase classname="tests.test_memory" name="test_fingerprint_changes_with_model" time="0.000" /><testcase classname="tests.test_memory" name="test_empty_signature_falls_back_to_ok_constant" time="0.000" /><testcase classname="tests.test_memory" name="test_signature_fallback_ok_is_constant" time="0.000" /><testcase classname="tests.test_memory" name="test_signature_fallback_is_stable_across_volatile_tokens" time="0.000" /><testcase classname="tests.test_memory" name="test_signature_fallback_distinguishes_conditions" time="0.000" /><testcase classname="tests.test_providers" name="test_parse_valid_json" time="0.001" /><testcase classname="tests.test_providers" name="test_parse_fenced_json" time="0.000" /><testcase classname="tests.test_providers" name="test_parse_json_embedded_in_prose" time="0.000" /><testcase classname="tests.test_providers" name="test_parse_rejects_invalid_severity" time="0.000" /><testcase classname="tests.test_providers" name="test_parse_rejects_empty_and_garbage" time="0.000" /><testcase classname="tests.test_providers" name="test_default_provider_is_gemini" time="0.002" /><testcase classname="tests.test_providers" name="test_active_model_per_provider" time="0.001" /><testcase classname="tests.test_providers" name="test_unknown_provider_errors" time="0.001" /><testcase classname="tests.test_providers" name="test_dispatch_routes_to_selected_provider" time="0.012" /><testcase classname="tests.test_providers" name="test_gemini_missing_key" time="0.557" /><testcase classname="tests.test_providers" name="test_gemini_parses_verdict" time="0.039" /><testcase classname="tests.test_providers" name="test_dispatch_routes_to_gemini" time="0.001" /><testcase classname="tests.test_providers" name="test_anthropic_missing_key" time="0.001" /><testcase classname="tests.test_providers" name="test_anthropic_parses_verdict" time="0.893" /><testcase classname="tests.test_providers" name="test_anthropic_refusal_is_error" time="0.002" /><testcase classname="tests.test_providers" name="test_openai_missing_key" time="0.092" /><testcase classname="tests.test_providers" name="test_openai_parses_verdict" time="1.010" /><testcase classname="tests.test_providers" name="test_ollama_needs_no_api_key" time="0.015" /><testcase classname="tests.test_providers" name="test_ollama_respects_base_url_override" time="0.001" /><testcase classname="tests.test_providers" name="test_ollama_network_error_is_structured" time="0.001" /><testcase classname="tests.test_providers" name="test_dispatch_routes_to_ollama" time="0.001" /><testcase classname="tests.test_providers" name="test_fingerprint_changes_when_provider_switches" time="0.083" /><testcase classname="tests.test_rag" name="test_load_local_runbooks_reads_markdown_files" time="0.004" /><testcase classname="tests.test_rag" name="test_load_local_runbooks_missing_directory" time="0.003" /><testcase classname="tests.test_rag" name="test_load_local_runbooks_empty_directory" time="0.002" /><testcase classname="tests.test_rag" name="test_runbooks_configured" time="0.002" /><testcase classname="tests.test_rag" name="test_local_embeddings_return_native_python_floats" time="0.002" /><testcase classname="tests.test_rag" name="test_query_runbooks_no_documents_indexed" time="0.001" /><testcase classname="tests.test_rag" name="test_query_runbooks_answers_from_retrieved_docs" time="0.002" /><testcase classname="tests.test_rag" name="test_query_runbooks_propagates_provider_error" time="0.002" /><testcase classname="tests.test_store" name="test_insert_verdict_prunes_expired_rows" time="0.125" /><testcase classname="tests.test_store" name="test_insert_verdict_keeps_rows_within_retention" time="0.158" /><testcase classname="tests.test_store" name="test_fetch_latest_verdict_round_trip" time="0.113" /><testcase classname="tests.test_store" name="test_insert_verdict_stores_signature_and_fingerprint" time="0.120" /><testcase classname="tests.test_store" name="test_acknowledge_suppresses_warning_only" time="0.090" /><testcase classname="tests.test_store" name="test_is_suppressed_never_hides_critical" time="0.002" /><testcase classname="tests.test_store" name="test_expired_ack_is_not_active" time="0.147" /><testcase classname="tests.test_store" name="test_delete_ack_reopens_condition" time="0.150" /><testcase classname="tests.test_store" name="test_fetch_verdict_by_fingerprint" time="0.159" /><testcase classname="tests.test_threat_response" name="test_analyze_threats_empty_logs" time="0.004" /><testcase classname="tests.test_threat_response" name="test_suggest_crowdsec_decision_structure" time="0.001" /><testcase classname="tests.test_threat_response" name="test_apply_crowdsec_decision_dry_run" time="0.002" /><testcase classname="tests.test_tools" name="test_fetch_loki_logs_parses_streams" time="0.034" /><testcase classname="tests.test_tools" name="test_fetch_loki_logs_respects_limit" time="0.008" /><testcase classname="tests.test_tools" name="test_query_prometheus_collects_metrics" time="0.011" /><testcase classname="tests.test_tools" name="test_probe_endpoints_records_latency" time="0.010" /><testcase classname="tests.test_tools" name="test_loki_missing_env_returns_none" time="0.001" /><testcase classname="tests.test_tools" name="test_fetch_container_errors_filters_keywords" time="0.003" /><testcase classname="tests.test_tools" name="test_fetch_container_errors_swallows_docker_init" time="0.004" /><testcase classname="tests.test_tools" name="test_fetch_container_errors_not_found" time="0.003" /><testcase classname="tests.test_tools" name="test_fetch_container_errors_empty_name" time="0.003" /></testsuite></testsuites>